<?xml version="1.0" encoding="UTF-8"?>
<!-- Generated by org.testng.reporters.JUnitReportReporter -->
<testsuite hostname="DESKTOP-3NQPI56" name="com.empirix.tests.TC001_LoginIntoApplication" tests="2" failures="0" timestamp="3 Apr 2020 10:39:45 GMT" time="40.517" errors="0">
  <testcase name="TestStep02_VerifyUserSuccessfullyLogin" time="26.848" classname="com.empirix.tests.TC001_LoginIntoApplication"/>
  <testcase name="TestStep01_UserSubmitLoginDetails" time="13.669" classname="com.empirix.tests.TC001_LoginIntoApplication"/>
</testsuite> <!-- com.empirix.tests.TC001_LoginIntoApplication -->
