<?xml version="1.0" encoding="UTF-8"?>
<!-- Generated by org.testng.reporters.JUnitReportReporter -->
<testsuite hostname="DESKTOP-3NQPI56" name="com.empirix.tests.TC001_LoginIntoApplication" tests="3" failures="0" timestamp="3 Apr 2020 14:32:40 GMT" time="45.934" errors="0">
  <testcase name="TestStep02_VerifyUserSuccessfullyLogoutfromtheApplication" time="0.075" classname="com.empirix.tests.TC001_LoginIntoApplication"/>
  <testcase name="TestStep02_VerifyUserSuccessfullyLogin" time="33.067" classname="com.empirix.tests.TC001_LoginIntoApplication"/>
  <testcase name="TestStep01_UserSubmitLoginDetails" time="12.792" classname="com.empirix.tests.TC001_LoginIntoApplication"/>
</testsuite> <!-- com.empirix.tests.TC001_LoginIntoApplication -->
